\BOOKMARK [1][-]{section.1}{Idee}{}% 1
\BOOKMARK [1][-]{section.2}{Der W\374rfel}{}% 2
\BOOKMARK [2][-]{subsection.2.1}{Aufbau}{section.2}% 3
\BOOKMARK [2][-]{subsection.2.2}{L\366sungsalgorithmen}{section.2}% 4
\BOOKMARK [2][-]{subsection.2.3}{Notation}{section.2}% 5
\BOOKMARK [1][-]{section.3}{Umsetzung}{}% 6
\BOOKMARK [2][-]{subsection.3.1}{Bibliotheken und Tools}{section.3}% 7
\BOOKMARK [3][-]{subsubsection.3.1.1}{Java}{subsection.3.1}% 8
\BOOKMARK [3][-]{subsubsection.3.1.2}{ADT/NDK}{subsection.3.1}% 9
\BOOKMARK [3][-]{subsubsection.3.1.3}{OpenCV}{subsection.3.1}% 10
\BOOKMARK [3][-]{subsubsection.3.1.4}{Eclipse}{subsection.3.1}% 11
\BOOKMARK [3][-]{subsubsection.3.1.5}{Git}{subsection.3.1}% 12
\BOOKMARK [2][-]{subsection.3.2}{Gestaltung}{section.3}% 13
\BOOKMARK [2][-]{subsection.3.3}{Arbeitsprozess}{section.3}% 14
\BOOKMARK [1][-]{section.4}{Benutzung}{}% 15
\BOOKMARK [1][-]{section.5}{Architektur}{}% 16
\BOOKMARK [2][-]{subsection.5.1}{Hierarchie}{section.5}% 17
\BOOKMARK [2][-]{subsection.5.2}{Activites}{section.5}% 18
\BOOKMARK [2][-]{subsection.5.3}{RubiksCube}{section.5}% 19
\BOOKMARK [3][-]{subsubsection.5.3.1}{Facelet}{subsection.5.3}% 20
\BOOKMARK [3][-]{subsubsection.5.3.2}{Rotator}{subsection.5.3}% 21
\BOOKMARK [3][-]{subsubsection.5.3.3}{CubeUpdater}{subsection.5.3}% 22
\BOOKMARK [2][-]{subsection.5.4}{Input}{section.5}% 23
\BOOKMARK [2][-]{subsection.5.5}{Solution}{section.5}% 24
\BOOKMARK [2][-]{subsection.5.6}{Prinzipien}{section.5}% 25
\BOOKMARK [1][-]{section.6}{Auswertung und Fazit}{}% 26
\BOOKMARK [1][-]{section*.1}{Quellenverzeichnis}{}% 27
